[2024-10-14 04:44:48] local.ERROR: file_put_contents(/home/khine/Desktop/Laravel-Graphql/storage/oauth-public.key): Failed to open stream: No such file or directory {"exception":"[object] (ErrorException(code: 0): file_put_contents(/home/khine/Desktop/Laravel-Graphql/storage/oauth-public.key): Failed to open stream: No such file or directory at /home/khine/Desktop/Laravel-Graphql/vendor/laravel/passport/src/Console/KeysCommand.php:56)
[stacktrace]
#0 /home/khine/Desktop/Laravel-Graphql/vendor/laravel/framework/src/Illuminate/Foundation/Bootstrap/HandleExceptions.php(256): Illuminate\\Foundation\\Bootstrap\\HandleExceptions->handleError()
#1 [internal function]: Illuminate\\Foundation\\Bootstrap\\HandleExceptions->Illuminate\\Foundation\\Bootstrap\\{closure}()
#2 /home/khine/Desktop/Laravel-Graphql/vendor/laravel/passport/src/Console/KeysCommand.php(56): file_put_contents()
#3 /home/khine/Desktop/Laravel-Graphql/vendor/laravel/framework/src/Illuminate/Container/BoundMethod.php(36): Laravel\\Passport\\Console\\KeysCommand->handle()
#4 /home/khine/Desktop/Laravel-Graphql/vendor/laravel/framework/src/Illuminate/Container/Util.php(43): Illuminate\\Container\\BoundMethod::Illuminate\\Container\\{closure}()
#5 /home/khine/Desktop/Laravel-Graphql/vendor/laravel/framework/src/Illuminate/Container/BoundMethod.php(95): Illuminate\\Container\\Util::unwrapIfClosure()
#6 /home/khine/Desktop/Laravel-Graphql/vendor/laravel/framework/src/Illuminate/Container/BoundMethod.php(35): Illuminate\\Container\\BoundMethod::callBoundMethod()
#7 /home/khine/Desktop/Laravel-Graphql/vendor/laravel/framework/src/Illuminate/Container/Container.php(690): Illuminate\\Container\\BoundMethod::call()
#8 /home/khine/Desktop/Laravel-Graphql/vendor/laravel/framework/src/Illuminate/Console/Command.php(213): Illuminate\\Container\\Container->call()
#9 /home/khine/Desktop/Laravel-Graphql/vendor/symfony/console/Command/Command.php(279): Illuminate\\Console\\Command->execute()
#10 /home/khine/Desktop/Laravel-Graphql/vendor/laravel/framework/src/Illuminate/Console/Command.php(182): Symfony\\Component\\Console\\Command\\Command->run()
#11 /home/khine/Desktop/Laravel-Graphql/vendor/laravel/framework/src/Illuminate/Console/Concerns/CallsCommands.php(67): Illuminate\\Console\\Command->run()
#12 /home/khine/Desktop/Laravel-Graphql/vendor/laravel/framework/src/Illuminate/Console/Concerns/CallsCommands.php(28): Illuminate\\Console\\Command->runCommand()
#13 /home/khine/Desktop/Laravel-Graphql/vendor/laravel/passport/src/Console/InstallCommand.php(36): Illuminate\\Console\\Command->call()
#14 /home/khine/Desktop/Laravel-Graphql/vendor/laravel/framework/src/Illuminate/Container/BoundMethod.php(36): Laravel\\Passport\\Console\\InstallCommand->handle()
#15 /home/khine/Desktop/Laravel-Graphql/vendor/laravel/framework/src/Illuminate/Container/Util.php(43): Illuminate\\Container\\BoundMethod::Illuminate\\Container\\{closure}()
#16 /home/khine/Desktop/Laravel-Graphql/vendor/laravel/framework/src/Illuminate/Container/BoundMethod.php(95): Illuminate\\Container\\Util::unwrapIfClosure()
#17 /home/khine/Desktop/Laravel-Graphql/vendor/laravel/framework/src/Illuminate/Container/BoundMethod.php(35): Illuminate\\Container\\BoundMethod::callBoundMethod()
#18 /home/khine/Desktop/Laravel-Graphql/vendor/laravel/framework/src/Illuminate/Container/Container.php(690): Illuminate\\Container\\BoundMethod::call()
#19 /home/khine/Desktop/Laravel-Graphql/vendor/laravel/framework/src/Illuminate/Console/Command.php(213): Illuminate\\Container\\Container->call()
#20 /home/khine/Desktop/Laravel-Graphql/vendor/symfony/console/Command/Command.php(279): Illuminate\\Console\\Command->execute()
#21 /home/khine/Desktop/Laravel-Graphql/vendor/laravel/framework/src/Illuminate/Console/Command.php(182): Symfony\\Component\\Console\\Command\\Command->run()
#22 /home/khine/Desktop/Laravel-Graphql/vendor/symfony/console/Application.php(1047): Illuminate\\Console\\Command->run()
#23 /home/khine/Desktop/Laravel-Graphql/vendor/symfony/console/Application.php(316): Symfony\\Component\\Console\\Application->doRunCommand()
#24 /home/khine/Desktop/Laravel-Graphql/vendor/symfony/console/Application.php(167): Symfony\\Component\\Console\\Application->doRun()
#25 /home/khine/Desktop/Laravel-Graphql/vendor/laravel/framework/src/Illuminate/Foundation/Console/Kernel.php(197): Symfony\\Component\\Console\\Application->run()
#26 /home/khine/Desktop/Laravel-Graphql/vendor/laravel/framework/src/Illuminate/Foundation/Application.php(1203): Illuminate\\Foundation\\Console\\Kernel->handle()
#27 /home/khine/Desktop/Laravel-Graphql/artisan(13): Illuminate\\Foundation\\Application->handleCommand()
#28 {main}
"} 
[2024-10-14 04:48:07] local.ERROR: SQLSTATE[HY000]: General error: 1 table "oauth_auth_codes" already exists (Connection: sqlite, SQL: create table "oauth_auth_codes" ("id" varchar not null, "user_id" integer not null, "client_id" integer not null, "scopes" text, "revoked" tinyint(1) not null, "expires_at" datetime, primary key ("id"))) {"exception":"[object] (Illuminate\\Database\\QueryException(code: HY000): SQLSTATE[HY000]: General error: 1 table \"oauth_auth_codes\" already exists (Connection: sqlite, SQL: create table \"oauth_auth_codes\" (\"id\" varchar not null, \"user_id\" integer not null, \"client_id\" integer not null, \"scopes\" text, \"revoked\" tinyint(1) not null, \"expires_at\" datetime, primary key (\"id\"))) at /home/khine/Desktop/Laravel-Graphql/vendor/laravel/framework/src/Illuminate/Database/Connection.php:825)
[stacktrace]
#0 /home/khine/Desktop/Laravel-Graphql/vendor/laravel/framework/src/Illuminate/Database/Connection.php(779): Illuminate\\Database\\Connection->runQueryCallback()
#1 /home/khine/Desktop/Laravel-Graphql/vendor/laravel/framework/src/Illuminate/Database/Connection.php(560): Illuminate\\Database\\Connection->run()
#2 /home/khine/Desktop/Laravel-Graphql/vendor/laravel/framework/src/Illuminate/Database/Schema/Blueprint.php(117): Illuminate\\Database\\Connection->statement()
#3 /home/khine/Desktop/Laravel-Graphql/vendor/laravel/framework/src/Illuminate/Database/Schema/Builder.php(564): Illuminate\\Database\\Schema\\Blueprint->build()
#4 /home/khine/Desktop/Laravel-Graphql/vendor/laravel/framework/src/Illuminate/Database/Schema/Builder.php(418): Illuminate\\Database\\Schema\\Builder->build()
#5 /home/khine/Desktop/Laravel-Graphql/vendor/laravel/framework/src/Illuminate/Support/Facades/Facade.php(358): Illuminate\\Database\\Schema\\Builder->create()
#6 /home/khine/Desktop/Laravel-Graphql/database/migrations/2024_10_14_044746_create_oauth_auth_codes_table.php(14): Illuminate\\Support\\Facades\\Facade::__callStatic()
#7 /home/khine/Desktop/Laravel-Graphql/vendor/laravel/framework/src/Illuminate/Database/Migrations/Migrator.php(475): Illuminate\\Database\\Migrations\\Migration@anonymous->up()
#8 /home/khine/Desktop/Laravel-Graphql/vendor/laravel/framework/src/Illuminate/Database/Migrations/Migrator.php(400): Illuminate\\Database\\Migrations\\Migrator->runMethod()
#9 /home/khine/Desktop/Laravel-Graphql/vendor/laravel/framework/src/Illuminate/Database/Migrations/Migrator.php(409): Illuminate\\Database\\Migrations\\Migrator->Illuminate\\Database\\Migrations\\{closure}()
#10 /home/khine/Desktop/Laravel-Graphql/vendor/laravel/framework/src/Illuminate/Database/Migrations/Migrator.php(212): Illuminate\\Database\\Migrations\\Migrator->runMigration()
#11 /home/khine/Desktop/Laravel-Graphql/vendor/laravel/framework/src/Illuminate/Console/View/Components/Task.php(40): Illuminate\\Database\\Migrations\\Migrator->Illuminate\\Database\\Migrations\\{closure}()
#12 /home/khine/Desktop/Laravel-Graphql/vendor/laravel/framework/src/Illuminate/Database/Migrations/Migrator.php(736): Illuminate\\Console\\View\\Components\\Task->render()
#13 /home/khine/Desktop/Laravel-Graphql/vendor/laravel/framework/src/Illuminate/Database/Migrations/Migrator.php(212): Illuminate\\Database\\Migrations\\Migrator->write()
#14 /home/khine/Desktop/Laravel-Graphql/vendor/laravel/framework/src/Illuminate/Database/Migrations/Migrator.php(179): Illuminate\\Database\\Migrations\\Migrator->runUp()
#15 /home/khine/Desktop/Laravel-Graphql/vendor/laravel/framework/src/Illuminate/Database/Migrations/Migrator.php(122): Illuminate\\Database\\Migrations\\Migrator->runPending()
#16 /home/khine/Desktop/Laravel-Graphql/vendor/laravel/framework/src/Illuminate/Database/Console/Migrations/MigrateCommand.php(116): Illuminate\\Database\\Migrations\\Migrator->run()
#17 /home/khine/Desktop/Laravel-Graphql/vendor/laravel/framework/src/Illuminate/Database/Migrations/Migrator.php(615): Illuminate\\Database\\Console\\Migrations\\MigrateCommand->Illuminate\\Database\\Console\\Migrations\\{closure}()
#18 /home/khine/Desktop/Laravel-Graphql/vendor/laravel/framework/src/Illuminate/Database/Console/Migrations/MigrateCommand.php(109): Illuminate\\Database\\Migrations\\Migrator->usingConnection()
#19 /home/khine/Desktop/Laravel-Graphql/vendor/laravel/framework/src/Illuminate/Database/Console/Migrations/MigrateCommand.php(88): Illuminate\\Database\\Console\\Migrations\\MigrateCommand->runMigrations()
#20 /home/khine/Desktop/Laravel-Graphql/vendor/laravel/framework/src/Illuminate/Container/BoundMethod.php(36): Illuminate\\Database\\Console\\Migrations\\MigrateCommand->handle()
#21 /home/khine/Desktop/Laravel-Graphql/vendor/laravel/framework/src/Illuminate/Container/Util.php(43): Illuminate\\Container\\BoundMethod::Illuminate\\Container\\{closure}()
#22 /home/khine/Desktop/Laravel-Graphql/vendor/laravel/framework/src/Illuminate/Container/BoundMethod.php(95): Illuminate\\Container\\Util::unwrapIfClosure()
#23 /home/khine/Desktop/Laravel-Graphql/vendor/laravel/framework/src/Illuminate/Container/BoundMethod.php(35): Illuminate\\Container\\BoundMethod::callBoundMethod()
#24 /home/khine/Desktop/Laravel-Graphql/vendor/laravel/framework/src/Illuminate/Container/Container.php(690): Illuminate\\Container\\BoundMethod::call()
#25 /home/khine/Desktop/Laravel-Graphql/vendor/laravel/framework/src/Illuminate/Console/Command.php(213): Illuminate\\Container\\Container->call()
#26 /home/khine/Desktop/Laravel-Graphql/vendor/symfony/console/Command/Command.php(279): Illuminate\\Console\\Command->execute()
#27 /home/khine/Desktop/Laravel-Graphql/vendor/laravel/framework/src/Illuminate/Console/Command.php(182): Symfony\\Component\\Console\\Command\\Command->run()
#28 /home/khine/Desktop/Laravel-Graphql/vendor/laravel/framework/src/Illuminate/Console/Concerns/CallsCommands.php(67): Illuminate\\Console\\Command->run()
#29 /home/khine/Desktop/Laravel-Graphql/vendor/laravel/framework/src/Illuminate/Console/Concerns/CallsCommands.php(28): Illuminate\\Console\\Command->runCommand()
#30 /home/khine/Desktop/Laravel-Graphql/vendor/laravel/passport/src/Console/InstallCommand.php(45): Illuminate\\Console\\Command->call()
#31 /home/khine/Desktop/Laravel-Graphql/vendor/laravel/framework/src/Illuminate/Container/BoundMethod.php(36): Laravel\\Passport\\Console\\InstallCommand->handle()
#32 /home/khine/Desktop/Laravel-Graphql/vendor/laravel/framework/src/Illuminate/Container/Util.php(43): Illuminate\\Container\\BoundMethod::Illuminate\\Container\\{closure}()
#33 /home/khine/Desktop/Laravel-Graphql/vendor/laravel/framework/src/Illuminate/Container/BoundMethod.php(95): Illuminate\\Container\\Util::unwrapIfClosure()
#34 /home/khine/Desktop/Laravel-Graphql/vendor/laravel/framework/src/Illuminate/Container/BoundMethod.php(35): Illuminate\\Container\\BoundMethod::callBoundMethod()
#35 /home/khine/Desktop/Laravel-Graphql/vendor/laravel/framework/src/Illuminate/Container/Container.php(690): Illuminate\\Container\\BoundMethod::call()
#36 /home/khine/Desktop/Laravel-Graphql/vendor/laravel/framework/src/Illuminate/Console/Command.php(213): Illuminate\\Container\\Container->call()
#37 /home/khine/Desktop/Laravel-Graphql/vendor/symfony/console/Command/Command.php(279): Illuminate\\Console\\Command->execute()
#38 /home/khine/Desktop/Laravel-Graphql/vendor/laravel/framework/src/Illuminate/Console/Command.php(182): Symfony\\Component\\Console\\Command\\Command->run()
#39 /home/khine/Desktop/Laravel-Graphql/vendor/symfony/console/Application.php(1047): Illuminate\\Console\\Command->run()
#40 /home/khine/Desktop/Laravel-Graphql/vendor/symfony/console/Application.php(316): Symfony\\Component\\Console\\Application->doRunCommand()
#41 /home/khine/Desktop/Laravel-Graphql/vendor/symfony/console/Application.php(167): Symfony\\Component\\Console\\Application->doRun()
#42 /home/khine/Desktop/Laravel-Graphql/vendor/laravel/framework/src/Illuminate/Foundation/Console/Kernel.php(197): Symfony\\Component\\Console\\Application->run()
#43 /home/khine/Desktop/Laravel-Graphql/vendor/laravel/framework/src/Illuminate/Foundation/Application.php(1203): Illuminate\\Foundation\\Console\\Kernel->handle()
#44 /home/khine/Desktop/Laravel-Graphql/artisan(13): Illuminate\\Foundation\\Application->handleCommand()
#45 {main}

[previous exception] [object] (PDOException(code: HY000): SQLSTATE[HY000]: General error: 1 table \"oauth_auth_codes\" already exists at /home/khine/Desktop/Laravel-Graphql/vendor/laravel/framework/src/Illuminate/Database/Connection.php:565)
[stacktrace]
#0 /home/khine/Desktop/Laravel-Graphql/vendor/laravel/framework/src/Illuminate/Database/Connection.php(565): PDO->prepare()
#1 /home/khine/Desktop/Laravel-Graphql/vendor/laravel/framework/src/Illuminate/Database/Connection.php(812): Illuminate\\Database\\Connection->Illuminate\\Database\\{closure}()
#2 /home/khine/Desktop/Laravel-Graphql/vendor/laravel/framework/src/Illuminate/Database/Connection.php(779): Illuminate\\Database\\Connection->runQueryCallback()
#3 /home/khine/Desktop/Laravel-Graphql/vendor/laravel/framework/src/Illuminate/Database/Connection.php(560): Illuminate\\Database\\Connection->run()
#4 /home/khine/Desktop/Laravel-Graphql/vendor/laravel/framework/src/Illuminate/Database/Schema/Blueprint.php(117): Illuminate\\Database\\Connection->statement()
#5 /home/khine/Desktop/Laravel-Graphql/vendor/laravel/framework/src/Illuminate/Database/Schema/Builder.php(564): Illuminate\\Database\\Schema\\Blueprint->build()
#6 /home/khine/Desktop/Laravel-Graphql/vendor/laravel/framework/src/Illuminate/Database/Schema/Builder.php(418): Illuminate\\Database\\Schema\\Builder->build()
#7 /home/khine/Desktop/Laravel-Graphql/vendor/laravel/framework/src/Illuminate/Support/Facades/Facade.php(358): Illuminate\\Database\\Schema\\Builder->create()
#8 /home/khine/Desktop/Laravel-Graphql/database/migrations/2024_10_14_044746_create_oauth_auth_codes_table.php(14): Illuminate\\Support\\Facades\\Facade::__callStatic()
#9 /home/khine/Desktop/Laravel-Graphql/vendor/laravel/framework/src/Illuminate/Database/Migrations/Migrator.php(475): Illuminate\\Database\\Migrations\\Migration@anonymous->up()
#10 /home/khine/Desktop/Laravel-Graphql/vendor/laravel/framework/src/Illuminate/Database/Migrations/Migrator.php(400): Illuminate\\Database\\Migrations\\Migrator->runMethod()
#11 /home/khine/Desktop/Laravel-Graphql/vendor/laravel/framework/src/Illuminate/Database/Migrations/Migrator.php(409): Illuminate\\Database\\Migrations\\Migrator->Illuminate\\Database\\Migrations\\{closure}()
#12 /home/khine/Desktop/Laravel-Graphql/vendor/laravel/framework/src/Illuminate/Database/Migrations/Migrator.php(212): Illuminate\\Database\\Migrations\\Migrator->runMigration()
#13 /home/khine/Desktop/Laravel-Graphql/vendor/laravel/framework/src/Illuminate/Console/View/Components/Task.php(40): Illuminate\\Database\\Migrations\\Migrator->Illuminate\\Database\\Migrations\\{closure}()
#14 /home/khine/Desktop/Laravel-Graphql/vendor/laravel/framework/src/Illuminate/Database/Migrations/Migrator.php(736): Illuminate\\Console\\View\\Components\\Task->render()
#15 /home/khine/Desktop/Laravel-Graphql/vendor/laravel/framework/src/Illuminate/Database/Migrations/Migrator.php(212): Illuminate\\Database\\Migrations\\Migrator->write()
#16 /home/khine/Desktop/Laravel-Graphql/vendor/laravel/framework/src/Illuminate/Database/Migrations/Migrator.php(179): Illuminate\\Database\\Migrations\\Migrator->runUp()
#17 /home/khine/Desktop/Laravel-Graphql/vendor/laravel/framework/src/Illuminate/Database/Migrations/Migrator.php(122): Illuminate\\Database\\Migrations\\Migrator->runPending()
#18 /home/khine/Desktop/Laravel-Graphql/vendor/laravel/framework/src/Illuminate/Database/Console/Migrations/MigrateCommand.php(116): Illuminate\\Database\\Migrations\\Migrator->run()
#19 /home/khine/Desktop/Laravel-Graphql/vendor/laravel/framework/src/Illuminate/Database/Migrations/Migrator.php(615): Illuminate\\Database\\Console\\Migrations\\MigrateCommand->Illuminate\\Database\\Console\\Migrations\\{closure}()
#20 /home/khine/Desktop/Laravel-Graphql/vendor/laravel/framework/src/Illuminate/Database/Console/Migrations/MigrateCommand.php(109): Illuminate\\Database\\Migrations\\Migrator->usingConnection()
#21 /home/khine/Desktop/Laravel-Graphql/vendor/laravel/framework/src/Illuminate/Database/Console/Migrations/MigrateCommand.php(88): Illuminate\\Database\\Console\\Migrations\\MigrateCommand->runMigrations()
#22 /home/khine/Desktop/Laravel-Graphql/vendor/laravel/framework/src/Illuminate/Container/BoundMethod.php(36): Illuminate\\Database\\Console\\Migrations\\MigrateCommand->handle()
#23 /home/khine/Desktop/Laravel-Graphql/vendor/laravel/framework/src/Illuminate/Container/Util.php(43): Illuminate\\Container\\BoundMethod::Illuminate\\Container\\{closure}()
#24 /home/khine/Desktop/Laravel-Graphql/vendor/laravel/framework/src/Illuminate/Container/BoundMethod.php(95): Illuminate\\Container\\Util::unwrapIfClosure()
#25 /home/khine/Desktop/Laravel-Graphql/vendor/laravel/framework/src/Illuminate/Container/BoundMethod.php(35): Illuminate\\Container\\BoundMethod::callBoundMethod()
#26 /home/khine/Desktop/Laravel-Graphql/vendor/laravel/framework/src/Illuminate/Container/Container.php(690): Illuminate\\Container\\BoundMethod::call()
#27 /home/khine/Desktop/Laravel-Graphql/vendor/laravel/framework/src/Illuminate/Console/Command.php(213): Illuminate\\Container\\Container->call()
#28 /home/khine/Desktop/Laravel-Graphql/vendor/symfony/console/Command/Command.php(279): Illuminate\\Console\\Command->execute()
#29 /home/khine/Desktop/Laravel-Graphql/vendor/laravel/framework/src/Illuminate/Console/Command.php(182): Symfony\\Component\\Console\\Command\\Command->run()
#30 /home/khine/Desktop/Laravel-Graphql/vendor/laravel/framework/src/Illuminate/Console/Concerns/CallsCommands.php(67): Illuminate\\Console\\Command->run()
#31 /home/khine/Desktop/Laravel-Graphql/vendor/laravel/framework/src/Illuminate/Console/Concerns/CallsCommands.php(28): Illuminate\\Console\\Command->runCommand()
#32 /home/khine/Desktop/Laravel-Graphql/vendor/laravel/passport/src/Console/InstallCommand.php(45): Illuminate\\Console\\Command->call()
#33 /home/khine/Desktop/Laravel-Graphql/vendor/laravel/framework/src/Illuminate/Container/BoundMethod.php(36): Laravel\\Passport\\Console\\InstallCommand->handle()
#34 /home/khine/Desktop/Laravel-Graphql/vendor/laravel/framework/src/Illuminate/Container/Util.php(43): Illuminate\\Container\\BoundMethod::Illuminate\\Container\\{closure}()
#35 /home/khine/Desktop/Laravel-Graphql/vendor/laravel/framework/src/Illuminate/Container/BoundMethod.php(95): Illuminate\\Container\\Util::unwrapIfClosure()
#36 /home/khine/Desktop/Laravel-Graphql/vendor/laravel/framework/src/Illuminate/Container/BoundMethod.php(35): Illuminate\\Container\\BoundMethod::callBoundMethod()
#37 /home/khine/Desktop/Laravel-Graphql/vendor/laravel/framework/src/Illuminate/Container/Container.php(690): Illuminate\\Container\\BoundMethod::call()
#38 /home/khine/Desktop/Laravel-Graphql/vendor/laravel/framework/src/Illuminate/Console/Command.php(213): Illuminate\\Container\\Container->call()
#39 /home/khine/Desktop/Laravel-Graphql/vendor/symfony/console/Command/Command.php(279): Illuminate\\Console\\Command->execute()
#40 /home/khine/Desktop/Laravel-Graphql/vendor/laravel/framework/src/Illuminate/Console/Command.php(182): Symfony\\Component\\Console\\Command\\Command->run()
#41 /home/khine/Desktop/Laravel-Graphql/vendor/symfony/console/Application.php(1047): Illuminate\\Console\\Command->run()
#42 /home/khine/Desktop/Laravel-Graphql/vendor/symfony/console/Application.php(316): Symfony\\Component\\Console\\Application->doRunCommand()
#43 /home/khine/Desktop/Laravel-Graphql/vendor/symfony/console/Application.php(167): Symfony\\Component\\Console\\Application->doRun()
#44 /home/khine/Desktop/Laravel-Graphql/vendor/laravel/framework/src/Illuminate/Foundation/Console/Kernel.php(197): Symfony\\Component\\Console\\Application->run()
#45 /home/khine/Desktop/Laravel-Graphql/vendor/laravel/framework/src/Illuminate/Foundation/Application.php(1203): Illuminate\\Foundation\\Console\\Kernel->handle()
#46 /home/khine/Desktop/Laravel-Graphql/artisan(13): Illuminate\\Foundation\\Application->handleCommand()
#47 {main}
"} 
[2024-10-14 04:48:30] local.ERROR: SQLSTATE[HY000]: General error: 1 table "oauth_auth_codes" already exists (Connection: sqlite, SQL: create table "oauth_auth_codes" ("id" varchar not null, "user_id" integer not null, "client_id" integer not null, "scopes" text, "revoked" tinyint(1) not null, "expires_at" datetime, primary key ("id"))) {"exception":"[object] (Illuminate\\Database\\QueryException(code: HY000): SQLSTATE[HY000]: General error: 1 table \"oauth_auth_codes\" already exists (Connection: sqlite, SQL: create table \"oauth_auth_codes\" (\"id\" varchar not null, \"user_id\" integer not null, \"client_id\" integer not null, \"scopes\" text, \"revoked\" tinyint(1) not null, \"expires_at\" datetime, primary key (\"id\"))) at /home/khine/Desktop/Laravel-Graphql/vendor/laravel/framework/src/Illuminate/Database/Connection.php:825)
[stacktrace]
#0 /home/khine/Desktop/Laravel-Graphql/vendor/laravel/framework/src/Illuminate/Database/Connection.php(779): Illuminate\\Database\\Connection->runQueryCallback()
#1 /home/khine/Desktop/Laravel-Graphql/vendor/laravel/framework/src/Illuminate/Database/Connection.php(560): Illuminate\\Database\\Connection->run()
#2 /home/khine/Desktop/Laravel-Graphql/vendor/laravel/framework/src/Illuminate/Database/Schema/Blueprint.php(117): Illuminate\\Database\\Connection->statement()
#3 /home/khine/Desktop/Laravel-Graphql/vendor/laravel/framework/src/Illuminate/Database/Schema/Builder.php(564): Illuminate\\Database\\Schema\\Blueprint->build()
#4 /home/khine/Desktop/Laravel-Graphql/vendor/laravel/framework/src/Illuminate/Database/Schema/Builder.php(418): Illuminate\\Database\\Schema\\Builder->build()
#5 /home/khine/Desktop/Laravel-Graphql/vendor/laravel/framework/src/Illuminate/Support/Facades/Facade.php(358): Illuminate\\Database\\Schema\\Builder->create()
#6 /home/khine/Desktop/Laravel-Graphql/database/migrations/2024_10_14_044830_create_oauth_auth_codes_table.php(14): Illuminate\\Support\\Facades\\Facade::__callStatic()
#7 /home/khine/Desktop/Laravel-Graphql/vendor/laravel/framework/src/Illuminate/Database/Migrations/Migrator.php(475): Illuminate\\Database\\Migrations\\Migration@anonymous->up()
#8 /home/khine/Desktop/Laravel-Graphql/vendor/laravel/framework/src/Illuminate/Database/Migrations/Migrator.php(400): Illuminate\\Database\\Migrations\\Migrator->runMethod()
#9 /home/khine/Desktop/Laravel-Graphql/vendor/laravel/framework/src/Illuminate/Database/Migrations/Migrator.php(409): Illuminate\\Database\\Migrations\\Migrator->Illuminate\\Database\\Migrations\\{closure}()
#10 /home/khine/Desktop/Laravel-Graphql/vendor/laravel/framework/src/Illuminate/Database/Migrations/Migrator.php(212): Illuminate\\Database\\Migrations\\Migrator->runMigration()
#11 /home/khine/Desktop/Laravel-Graphql/vendor/laravel/framework/src/Illuminate/Console/View/Components/Task.php(40): Illuminate\\Database\\Migrations\\Migrator->Illuminate\\Database\\Migrations\\{closure}()
#12 /home/khine/Desktop/Laravel-Graphql/vendor/laravel/framework/src/Illuminate/Database/Migrations/Migrator.php(736): Illuminate\\Console\\View\\Components\\Task->render()
#13 /home/khine/Desktop/Laravel-Graphql/vendor/laravel/framework/src/Illuminate/Database/Migrations/Migrator.php(212): Illuminate\\Database\\Migrations\\Migrator->write()
#14 /home/khine/Desktop/Laravel-Graphql/vendor/laravel/framework/src/Illuminate/Database/Migrations/Migrator.php(179): Illuminate\\Database\\Migrations\\Migrator->runUp()
#15 /home/khine/Desktop/Laravel-Graphql/vendor/laravel/framework/src/Illuminate/Database/Migrations/Migrator.php(122): Illuminate\\Database\\Migrations\\Migrator->runPending()
#16 /home/khine/Desktop/Laravel-Graphql/vendor/laravel/framework/src/Illuminate/Database/Console/Migrations/MigrateCommand.php(116): Illuminate\\Database\\Migrations\\Migrator->run()
#17 /home/khine/Desktop/Laravel-Graphql/vendor/laravel/framework/src/Illuminate/Database/Migrations/Migrator.php(615): Illuminate\\Database\\Console\\Migrations\\MigrateCommand->Illuminate\\Database\\Console\\Migrations\\{closure}()
#18 /home/khine/Desktop/Laravel-Graphql/vendor/laravel/framework/src/Illuminate/Database/Console/Migrations/MigrateCommand.php(109): Illuminate\\Database\\Migrations\\Migrator->usingConnection()
#19 /home/khine/Desktop/Laravel-Graphql/vendor/laravel/framework/src/Illuminate/Database/Console/Migrations/MigrateCommand.php(88): Illuminate\\Database\\Console\\Migrations\\MigrateCommand->runMigrations()
#20 /home/khine/Desktop/Laravel-Graphql/vendor/laravel/framework/src/Illuminate/Container/BoundMethod.php(36): Illuminate\\Database\\Console\\Migrations\\MigrateCommand->handle()
#21 /home/khine/Desktop/Laravel-Graphql/vendor/laravel/framework/src/Illuminate/Container/Util.php(43): Illuminate\\Container\\BoundMethod::Illuminate\\Container\\{closure}()
#22 /home/khine/Desktop/Laravel-Graphql/vendor/laravel/framework/src/Illuminate/Container/BoundMethod.php(95): Illuminate\\Container\\Util::unwrapIfClosure()
#23 /home/khine/Desktop/Laravel-Graphql/vendor/laravel/framework/src/Illuminate/Container/BoundMethod.php(35): Illuminate\\Container\\BoundMethod::callBoundMethod()
#24 /home/khine/Desktop/Laravel-Graphql/vendor/laravel/framework/src/Illuminate/Container/Container.php(690): Illuminate\\Container\\BoundMethod::call()
#25 /home/khine/Desktop/Laravel-Graphql/vendor/laravel/framework/src/Illuminate/Console/Command.php(213): Illuminate\\Container\\Container->call()
#26 /home/khine/Desktop/Laravel-Graphql/vendor/symfony/console/Command/Command.php(279): Illuminate\\Console\\Command->execute()
#27 /home/khine/Desktop/Laravel-Graphql/vendor/laravel/framework/src/Illuminate/Console/Command.php(182): Symfony\\Component\\Console\\Command\\Command->run()
#28 /home/khine/Desktop/Laravel-Graphql/vendor/laravel/framework/src/Illuminate/Console/Concerns/CallsCommands.php(67): Illuminate\\Console\\Command->run()
#29 /home/khine/Desktop/Laravel-Graphql/vendor/laravel/framework/src/Illuminate/Console/Concerns/CallsCommands.php(28): Illuminate\\Console\\Command->runCommand()
#30 /home/khine/Desktop/Laravel-Graphql/vendor/laravel/passport/src/Console/InstallCommand.php(45): Illuminate\\Console\\Command->call()
#31 /home/khine/Desktop/Laravel-Graphql/vendor/laravel/framework/src/Illuminate/Container/BoundMethod.php(36): Laravel\\Passport\\Console\\InstallCommand->handle()
#32 /home/khine/Desktop/Laravel-Graphql/vendor/laravel/framework/src/Illuminate/Container/Util.php(43): Illuminate\\Container\\BoundMethod::Illuminate\\Container\\{closure}()
#33 /home/khine/Desktop/Laravel-Graphql/vendor/laravel/framework/src/Illuminate/Container/BoundMethod.php(95): Illuminate\\Container\\Util::unwrapIfClosure()
#34 /home/khine/Desktop/Laravel-Graphql/vendor/laravel/framework/src/Illuminate/Container/BoundMethod.php(35): Illuminate\\Container\\BoundMethod::callBoundMethod()
#35 /home/khine/Desktop/Laravel-Graphql/vendor/laravel/framework/src/Illuminate/Container/Container.php(690): Illuminate\\Container\\BoundMethod::call()
#36 /home/khine/Desktop/Laravel-Graphql/vendor/laravel/framework/src/Illuminate/Console/Command.php(213): Illuminate\\Container\\Container->call()
#37 /home/khine/Desktop/Laravel-Graphql/vendor/symfony/console/Command/Command.php(279): Illuminate\\Console\\Command->execute()
#38 /home/khine/Desktop/Laravel-Graphql/vendor/laravel/framework/src/Illuminate/Console/Command.php(182): Symfony\\Component\\Console\\Command\\Command->run()
#39 /home/khine/Desktop/Laravel-Graphql/vendor/symfony/console/Application.php(1047): Illuminate\\Console\\Command->run()
#40 /home/khine/Desktop/Laravel-Graphql/vendor/symfony/console/Application.php(316): Symfony\\Component\\Console\\Application->doRunCommand()
#41 /home/khine/Desktop/Laravel-Graphql/vendor/symfony/console/Application.php(167): Symfony\\Component\\Console\\Application->doRun()
#42 /home/khine/Desktop/Laravel-Graphql/vendor/laravel/framework/src/Illuminate/Foundation/Console/Kernel.php(197): Symfony\\Component\\Console\\Application->run()
#43 /home/khine/Desktop/Laravel-Graphql/vendor/laravel/framework/src/Illuminate/Foundation/Application.php(1203): Illuminate\\Foundation\\Console\\Kernel->handle()
#44 /home/khine/Desktop/Laravel-Graphql/artisan(13): Illuminate\\Foundation\\Application->handleCommand()
#45 {main}

[previous exception] [object] (PDOException(code: HY000): SQLSTATE[HY000]: General error: 1 table \"oauth_auth_codes\" already exists at /home/khine/Desktop/Laravel-Graphql/vendor/laravel/framework/src/Illuminate/Database/Connection.php:565)
[stacktrace]
#0 /home/khine/Desktop/Laravel-Graphql/vendor/laravel/framework/src/Illuminate/Database/Connection.php(565): PDO->prepare()
#1 /home/khine/Desktop/Laravel-Graphql/vendor/laravel/framework/src/Illuminate/Database/Connection.php(812): Illuminate\\Database\\Connection->Illuminate\\Database\\{closure}()
#2 /home/khine/Desktop/Laravel-Graphql/vendor/laravel/framework/src/Illuminate/Database/Connection.php(779): Illuminate\\Database\\Connection->runQueryCallback()
#3 /home/khine/Desktop/Laravel-Graphql/vendor/laravel/framework/src/Illuminate/Database/Connection.php(560): Illuminate\\Database\\Connection->run()
#4 /home/khine/Desktop/Laravel-Graphql/vendor/laravel/framework/src/Illuminate/Database/Schema/Blueprint.php(117): Illuminate\\Database\\Connection->statement()
#5 /home/khine/Desktop/Laravel-Graphql/vendor/laravel/framework/src/Illuminate/Database/Schema/Builder.php(564): Illuminate\\Database\\Schema\\Blueprint->build()
#6 /home/khine/Desktop/Laravel-Graphql/vendor/laravel/framework/src/Illuminate/Database/Schema/Builder.php(418): Illuminate\\Database\\Schema\\Builder->build()
#7 /home/khine/Desktop/Laravel-Graphql/vendor/laravel/framework/src/Illuminate/Support/Facades/Facade.php(358): Illuminate\\Database\\Schema\\Builder->create()
#8 /home/khine/Desktop/Laravel-Graphql/database/migrations/2024_10_14_044830_create_oauth_auth_codes_table.php(14): Illuminate\\Support\\Facades\\Facade::__callStatic()
#9 /home/khine/Desktop/Laravel-Graphql/vendor/laravel/framework/src/Illuminate/Database/Migrations/Migrator.php(475): Illuminate\\Database\\Migrations\\Migration@anonymous->up()
#10 /home/khine/Desktop/Laravel-Graphql/vendor/laravel/framework/src/Illuminate/Database/Migrations/Migrator.php(400): Illuminate\\Database\\Migrations\\Migrator->runMethod()
#11 /home/khine/Desktop/Laravel-Graphql/vendor/laravel/framework/src/Illuminate/Database/Migrations/Migrator.php(409): Illuminate\\Database\\Migrations\\Migrator->Illuminate\\Database\\Migrations\\{closure}()
#12 /home/khine/Desktop/Laravel-Graphql/vendor/laravel/framework/src/Illuminate/Database/Migrations/Migrator.php(212): Illuminate\\Database\\Migrations\\Migrator->runMigration()
#13 /home/khine/Desktop/Laravel-Graphql/vendor/laravel/framework/src/Illuminate/Console/View/Components/Task.php(40): Illuminate\\Database\\Migrations\\Migrator->Illuminate\\Database\\Migrations\\{closure}()
#14 /home/khine/Desktop/Laravel-Graphql/vendor/laravel/framework/src/Illuminate/Database/Migrations/Migrator.php(736): Illuminate\\Console\\View\\Components\\Task->render()
#15 /home/khine/Desktop/Laravel-Graphql/vendor/laravel/framework/src/Illuminate/Database/Migrations/Migrator.php(212): Illuminate\\Database\\Migrations\\Migrator->write()
#16 /home/khine/Desktop/Laravel-Graphql/vendor/laravel/framework/src/Illuminate/Database/Migrations/Migrator.php(179): Illuminate\\Database\\Migrations\\Migrator->runUp()
#17 /home/khine/Desktop/Laravel-Graphql/vendor/laravel/framework/src/Illuminate/Database/Migrations/Migrator.php(122): Illuminate\\Database\\Migrations\\Migrator->runPending()
#18 /home/khine/Desktop/Laravel-Graphql/vendor/laravel/framework/src/Illuminate/Database/Console/Migrations/MigrateCommand.php(116): Illuminate\\Database\\Migrations\\Migrator->run()
#19 /home/khine/Desktop/Laravel-Graphql/vendor/laravel/framework/src/Illuminate/Database/Migrations/Migrator.php(615): Illuminate\\Database\\Console\\Migrations\\MigrateCommand->Illuminate\\Database\\Console\\Migrations\\{closure}()
#20 /home/khine/Desktop/Laravel-Graphql/vendor/laravel/framework/src/Illuminate/Database/Console/Migrations/MigrateCommand.php(109): Illuminate\\Database\\Migrations\\Migrator->usingConnection()
#21 /home/khine/Desktop/Laravel-Graphql/vendor/laravel/framework/src/Illuminate/Database/Console/Migrations/MigrateCommand.php(88): Illuminate\\Database\\Console\\Migrations\\MigrateCommand->runMigrations()
#22 /home/khine/Desktop/Laravel-Graphql/vendor/laravel/framework/src/Illuminate/Container/BoundMethod.php(36): Illuminate\\Database\\Console\\Migrations\\MigrateCommand->handle()
#23 /home/khine/Desktop/Laravel-Graphql/vendor/laravel/framework/src/Illuminate/Container/Util.php(43): Illuminate\\Container\\BoundMethod::Illuminate\\Container\\{closure}()
#24 /home/khine/Desktop/Laravel-Graphql/vendor/laravel/framework/src/Illuminate/Container/BoundMethod.php(95): Illuminate\\Container\\Util::unwrapIfClosure()
#25 /home/khine/Desktop/Laravel-Graphql/vendor/laravel/framework/src/Illuminate/Container/BoundMethod.php(35): Illuminate\\Container\\BoundMethod::callBoundMethod()
#26 /home/khine/Desktop/Laravel-Graphql/vendor/laravel/framework/src/Illuminate/Container/Container.php(690): Illuminate\\Container\\BoundMethod::call()
#27 /home/khine/Desktop/Laravel-Graphql/vendor/laravel/framework/src/Illuminate/Console/Command.php(213): Illuminate\\Container\\Container->call()
#28 /home/khine/Desktop/Laravel-Graphql/vendor/symfony/console/Command/Command.php(279): Illuminate\\Console\\Command->execute()
#29 /home/khine/Desktop/Laravel-Graphql/vendor/laravel/framework/src/Illuminate/Console/Command.php(182): Symfony\\Component\\Console\\Command\\Command->run()
#30 /home/khine/Desktop/Laravel-Graphql/vendor/laravel/framework/src/Illuminate/Console/Concerns/CallsCommands.php(67): Illuminate\\Console\\Command->run()
#31 /home/khine/Desktop/Laravel-Graphql/vendor/laravel/framework/src/Illuminate/Console/Concerns/CallsCommands.php(28): Illuminate\\Console\\Command->runCommand()
#32 /home/khine/Desktop/Laravel-Graphql/vendor/laravel/passport/src/Console/InstallCommand.php(45): Illuminate\\Console\\Command->call()
#33 /home/khine/Desktop/Laravel-Graphql/vendor/laravel/framework/src/Illuminate/Container/BoundMethod.php(36): Laravel\\Passport\\Console\\InstallCommand->handle()
#34 /home/khine/Desktop/Laravel-Graphql/vendor/laravel/framework/src/Illuminate/Container/Util.php(43): Illuminate\\Container\\BoundMethod::Illuminate\\Container\\{closure}()
#35 /home/khine/Desktop/Laravel-Graphql/vendor/laravel/framework/src/Illuminate/Container/BoundMethod.php(95): Illuminate\\Container\\Util::unwrapIfClosure()
#36 /home/khine/Desktop/Laravel-Graphql/vendor/laravel/framework/src/Illuminate/Container/BoundMethod.php(35): Illuminate\\Container\\BoundMethod::callBoundMethod()
#37 /home/khine/Desktop/Laravel-Graphql/vendor/laravel/framework/src/Illuminate/Container/Container.php(690): Illuminate\\Container\\BoundMethod::call()
#38 /home/khine/Desktop/Laravel-Graphql/vendor/laravel/framework/src/Illuminate/Console/Command.php(213): Illuminate\\Container\\Container->call()
#39 /home/khine/Desktop/Laravel-Graphql/vendor/symfony/console/Command/Command.php(279): Illuminate\\Console\\Command->execute()
#40 /home/khine/Desktop/Laravel-Graphql/vendor/laravel/framework/src/Illuminate/Console/Command.php(182): Symfony\\Component\\Console\\Command\\Command->run()
#41 /home/khine/Desktop/Laravel-Graphql/vendor/symfony/console/Application.php(1047): Illuminate\\Console\\Command->run()
#42 /home/khine/Desktop/Laravel-Graphql/vendor/symfony/console/Application.php(316): Symfony\\Component\\Console\\Application->doRunCommand()
#43 /home/khine/Desktop/Laravel-Graphql/vendor/symfony/console/Application.php(167): Symfony\\Component\\Console\\Application->doRun()
#44 /home/khine/Desktop/Laravel-Graphql/vendor/laravel/framework/src/Illuminate/Foundation/Console/Kernel.php(197): Symfony\\Component\\Console\\Application->run()
#45 /home/khine/Desktop/Laravel-Graphql/vendor/laravel/framework/src/Illuminate/Foundation/Application.php(1203): Illuminate\\Foundation\\Console\\Kernel->handle()
#46 /home/khine/Desktop/Laravel-Graphql/artisan(13): Illuminate\\Foundation\\Application->handleCommand()
#47 {main}
"} 
[2024-10-14 04:48:54] local.ERROR: Please provide a valid cache path. {"exception":"[object] (InvalidArgumentException(code: 0): Please provide a valid cache path. at /home/khine/Desktop/Laravel-Graphql/vendor/laravel/framework/src/Illuminate/View/Compilers/Compiler.php:67)
[stacktrace]
#0 /home/khine/Desktop/Laravel-Graphql/vendor/laravel/framework/src/Illuminate/View/ViewServiceProvider.php(97): Illuminate\\View\\Compilers\\Compiler->__construct()
#1 /home/khine/Desktop/Laravel-Graphql/vendor/laravel/framework/src/Illuminate/Container/Container.php(931): Illuminate\\View\\ViewServiceProvider->Illuminate\\View\\{closure}()
#2 /home/khine/Desktop/Laravel-Graphql/vendor/laravel/framework/src/Illuminate/Container/Container.php(815): Illuminate\\Container\\Container->build()
#3 /home/khine/Desktop/Laravel-Graphql/vendor/laravel/framework/src/Illuminate/Foundation/Application.php(1046): Illuminate\\Container\\Container->resolve()
#4 /home/khine/Desktop/Laravel-Graphql/vendor/laravel/framework/src/Illuminate/Container/Container.php(751): Illuminate\\Foundation\\Application->resolve()
#5 /home/khine/Desktop/Laravel-Graphql/vendor/laravel/framework/src/Illuminate/Foundation/Application.php(1028): Illuminate\\Container\\Container->make()
#6 /home/khine/Desktop/Laravel-Graphql/vendor/laravel/framework/src/Illuminate/View/ViewServiceProvider.php(168): Illuminate\\Foundation\\Application->make()
#7 [internal function]: Illuminate\\View\\ViewServiceProvider->Illuminate\\View\\{closure}()
#8 /home/khine/Desktop/Laravel-Graphql/vendor/laravel/framework/src/Illuminate/View/Engines/EngineResolver.php(55): call_user_func()
#9 /home/khine/Desktop/Laravel-Graphql/vendor/laravel/framework/src/Illuminate/Foundation/Console/ViewClearCommand.php(63): Illuminate\\View\\Engines\\EngineResolver->resolve()
#10 /home/khine/Desktop/Laravel-Graphql/vendor/laravel/framework/src/Illuminate/Container/BoundMethod.php(36): Illuminate\\Foundation\\Console\\ViewClearCommand->handle()
#11 /home/khine/Desktop/Laravel-Graphql/vendor/laravel/framework/src/Illuminate/Container/Util.php(43): Illuminate\\Container\\BoundMethod::Illuminate\\Container\\{closure}()
#12 /home/khine/Desktop/Laravel-Graphql/vendor/laravel/framework/src/Illuminate/Container/BoundMethod.php(95): Illuminate\\Container\\Util::unwrapIfClosure()
#13 /home/khine/Desktop/Laravel-Graphql/vendor/laravel/framework/src/Illuminate/Container/BoundMethod.php(35): Illuminate\\Container\\BoundMethod::callBoundMethod()
#14 /home/khine/Desktop/Laravel-Graphql/vendor/laravel/framework/src/Illuminate/Container/Container.php(690): Illuminate\\Container\\BoundMethod::call()
#15 /home/khine/Desktop/Laravel-Graphql/vendor/laravel/framework/src/Illuminate/Console/Command.php(213): Illuminate\\Container\\Container->call()
#16 /home/khine/Desktop/Laravel-Graphql/vendor/symfony/console/Command/Command.php(279): Illuminate\\Console\\Command->execute()
#17 /home/khine/Desktop/Laravel-Graphql/vendor/laravel/framework/src/Illuminate/Console/Command.php(182): Symfony\\Component\\Console\\Command\\Command->run()
#18 /home/khine/Desktop/Laravel-Graphql/vendor/laravel/framework/src/Illuminate/Console/Concerns/CallsCommands.php(67): Illuminate\\Console\\Command->run()
#19 /home/khine/Desktop/Laravel-Graphql/vendor/laravel/framework/src/Illuminate/Console/Concerns/CallsCommands.php(40): Illuminate\\Console\\Command->runCommand()
#20 /home/khine/Desktop/Laravel-Graphql/vendor/laravel/framework/src/Illuminate/Foundation/Console/ViewCacheCommand.php(36): Illuminate\\Console\\Command->callSilent()
#21 /home/khine/Desktop/Laravel-Graphql/vendor/laravel/framework/src/Illuminate/Container/BoundMethod.php(36): Illuminate\\Foundation\\Console\\ViewCacheCommand->handle()
#22 /home/khine/Desktop/Laravel-Graphql/vendor/laravel/framework/src/Illuminate/Container/Util.php(43): Illuminate\\Container\\BoundMethod::Illuminate\\Container\\{closure}()
#23 /home/khine/Desktop/Laravel-Graphql/vendor/laravel/framework/src/Illuminate/Container/BoundMethod.php(95): Illuminate\\Container\\Util::unwrapIfClosure()
#24 /home/khine/Desktop/Laravel-Graphql/vendor/laravel/framework/src/Illuminate/Container/BoundMethod.php(35): Illuminate\\Container\\BoundMethod::callBoundMethod()
#25 /home/khine/Desktop/Laravel-Graphql/vendor/laravel/framework/src/Illuminate/Container/Container.php(690): Illuminate\\Container\\BoundMethod::call()
#26 /home/khine/Desktop/Laravel-Graphql/vendor/laravel/framework/src/Illuminate/Console/Command.php(213): Illuminate\\Container\\Container->call()
#27 /home/khine/Desktop/Laravel-Graphql/vendor/symfony/console/Command/Command.php(279): Illuminate\\Console\\Command->execute()
#28 /home/khine/Desktop/Laravel-Graphql/vendor/laravel/framework/src/Illuminate/Console/Command.php(182): Symfony\\Component\\Console\\Command\\Command->run()
#29 /home/khine/Desktop/Laravel-Graphql/vendor/laravel/framework/src/Illuminate/Console/Concerns/CallsCommands.php(67): Illuminate\\Console\\Command->run()
#30 /home/khine/Desktop/Laravel-Graphql/vendor/laravel/framework/src/Illuminate/Console/Concerns/CallsCommands.php(40): Illuminate\\Console\\Command->runCommand()
#31 /home/khine/Desktop/Laravel-Graphql/vendor/laravel/framework/src/Illuminate/Console/Concerns/CallsCommands.php(52): Illuminate\\Console\\Command->callSilent()
#32 /home/khine/Desktop/Laravel-Graphql/vendor/laravel/framework/src/Illuminate/Foundation/Console/OptimizeCommand.php(36): Illuminate\\Console\\Command->callSilently()
#33 /home/khine/Desktop/Laravel-Graphql/vendor/laravel/framework/src/Illuminate/Console/View/Components/Task.php(40): Illuminate\\Foundation\\Console\\OptimizeCommand->Illuminate\\Foundation\\Console\\{closure}()
#34 /home/khine/Desktop/Laravel-Graphql/vendor/laravel/framework/src/Illuminate/Console/View/Components/Factory.php(60): Illuminate\\Console\\View\\Components\\Task->render()
#35 /home/khine/Desktop/Laravel-Graphql/vendor/laravel/framework/src/Illuminate/Foundation/Console/OptimizeCommand.php(36): Illuminate\\Console\\View\\Components\\Factory->__call()
#36 /home/khine/Desktop/Laravel-Graphql/vendor/laravel/framework/src/Illuminate/Container/BoundMethod.php(36): Illuminate\\Foundation\\Console\\OptimizeCommand->handle()
#37 /home/khine/Desktop/Laravel-Graphql/vendor/laravel/framework/src/Illuminate/Container/Util.php(43): Illuminate\\Container\\BoundMethod::Illuminate\\Container\\{closure}()
#38 /home/khine/Desktop/Laravel-Graphql/vendor/laravel/framework/src/Illuminate/Container/BoundMethod.php(95): Illuminate\\Container\\Util::unwrapIfClosure()
#39 /home/khine/Desktop/Laravel-Graphql/vendor/laravel/framework/src/Illuminate/Container/BoundMethod.php(35): Illuminate\\Container\\BoundMethod::callBoundMethod()
#40 /home/khine/Desktop/Laravel-Graphql/vendor/laravel/framework/src/Illuminate/Container/Container.php(690): Illuminate\\Container\\BoundMethod::call()
#41 /home/khine/Desktop/Laravel-Graphql/vendor/laravel/framework/src/Illuminate/Console/Command.php(213): Illuminate\\Container\\Container->call()
#42 /home/khine/Desktop/Laravel-Graphql/vendor/symfony/console/Command/Command.php(279): Illuminate\\Console\\Command->execute()
#43 /home/khine/Desktop/Laravel-Graphql/vendor/laravel/framework/src/Illuminate/Console/Command.php(182): Symfony\\Component\\Console\\Command\\Command->run()
#44 /home/khine/Desktop/Laravel-Graphql/vendor/symfony/console/Application.php(1047): Illuminate\\Console\\Command->run()
#45 /home/khine/Desktop/Laravel-Graphql/vendor/symfony/console/Application.php(316): Symfony\\Component\\Console\\Application->doRunCommand()
#46 /home/khine/Desktop/Laravel-Graphql/vendor/symfony/console/Application.php(167): Symfony\\Component\\Console\\Application->doRun()
#47 /home/khine/Desktop/Laravel-Graphql/vendor/laravel/framework/src/Illuminate/Foundation/Console/Kernel.php(197): Symfony\\Component\\Console\\Application->run()
#48 /home/khine/Desktop/Laravel-Graphql/vendor/laravel/framework/src/Illuminate/Foundation/Application.php(1203): Illuminate\\Foundation\\Console\\Kernel->handle()
#49 /home/khine/Desktop/Laravel-Graphql/artisan(13): Illuminate\\Foundation\\Application->handleCommand()
#50 {main}
"} 
